1521732119455	geckodriver	INFO	geckodriver 0.19.1
1521732119466	geckodriver	INFO	Listening on 127.0.0.1:50127
1521732122677	mozrunner::runner	INFO	Running command: "C:\\Program Files\\Mozilla Firefox\\firefox.exe" "-marionette" "-profile" "C:\\Users\\KK703~1.DES\\AppData\\Local\\Temp\\rust_mozprofile.AKXB4VCRe8hW"
Unable to read VR Path Registry from C:\Users\kk703.DESKTOP-J939SLP\AppData\Local\openvr\openvrpaths.vrpath
1521732127734	Marionette	INFO	Enabled via --marionette
Unable to read VR Path Registry from C:\Users\kk703.DESKTOP-J939SLP\AppData\Local\openvr\openvrpaths.vrpath
Unable to read VR Path Registry from C:\Users\kk703.DESKTOP-J939SLP\AppData\Local\openvr\openvrpaths.vrpath
Unable to read VR Path Registry from C:\Users\kk703.DESKTOP-J939SLP\AppData\Local\openvr\openvrpaths.vrpath
Unable to read VR Path Registry from C:\Users\kk703.DESKTOP-J939SLP\AppData\Local\openvr\openvrpaths.vrpath
1521732136553	Marionette	INFO	Listening on port 50141
1521732137414	Marionette	WARN	TLS certificate errors will be ignored for this session
[Parent 2260, Gecko_IOThread] WARNING: pipe error: 109: file z:/build/build/src/ipc/chromium/src/chrome/common/ipc_channel_win.cc, line 346
IPDL protocol error: Handler returned error code!

###!!! [Parent][DispatchAsyncMessage] Error: PLayerTransaction::Msg_ReleaseLayer Processing error: message was deserialized, but the handler returned false (indicating failure)

IPDL protocol error: Handler returned error code!

###!!! [Parent][DispatchAsyncMessage] Error: PLayerTransaction::Msg_ReleaseLayer Processing error: message was deserialized, but the handler returned false (indicating failure)

[Parent 2260, Gecko_IOThread] WARNING: pipe error: 109: file z:/build/build/src/ipc/chromium/src/chrome/common/ipc_channel_win.cc, line 346
[Child 14248, Chrome_ChildThread] WARNING: pipe error[Parent 2260, Gecko_IOThread] WARNING: pipe error: 109: file z:/build/build/src/ipc/chromium/src/chrome/common/ipc_channel_win.cc, line 346

###!!! [Child][MessageChannel::SendAndWait] Error: Channel error: cannot send/recv

1521810229953	geckodriver	INFO	geckodriver 0.19.1
1521810229975	geckodriver	INFO	Listening on 127.0.0.1:54112
1521810233203	mozrunner::runner	INFO	Running command: "C:\\Program Files\\Mozilla Firefox\\firefox.exe" "-marionette" "-profile" "C:\\Users\\KK703~1.DES\\AppData\\Local\\Temp\\rust_mozprofile.gZVA1rQWTG4z"
Unable to read VR Path Registry from C:\Users\kk703.DESKTOP-J939SLP\AppData\Local\openvr\openvrpaths.vrpath
1521810235828	Marionette	INFO	Enabled via --marionette
Unable to read VR Path Registry from C:\Users\kk703.DESKTOP-J939SLP\AppData\Local\openvr\openvrpaths.vrpath
Unable to read VR Path Registry from C:\Users\kk703.DESKTOP-J939SLP\AppData\Local\openvr\openvrpaths.vrpath
Unable to read VR Path Registry from C:\Users\kk703.DESKTOP-J939SLP\AppData\Local\openvr\openvrpaths.vrpath
Unable to read VR Path Registry from C:\Users\kk703.DESKTOP-J939SLP\AppData\Local\openvr\openvrpaths.vrpath
1521810241908	Marionette	INFO	Listening on port 54120
1521810243035	Marionette	WARN	TLS certificate errors will be ignored for this session
[Parent 4676, Gecko_IOThread] WARNING: pipe error: 109: file z:/build/build/src/ipc/chromium/src/chrome/common/ipc_channel_win.cc, line 346
[Child 15088, Chrome_ChildThread] WARNING: pipe error: 109: file z:/build/build/src/ipc/chromium/src/chrome/common/ipc_channel_win.cc, line 346
[Child 4308, Chrome_ChildThread] WARNING: pipe error: 109: file z:/build/build/src/ipc/chromium/src/chrome/common/ipc_channel_win.cc, line 346
[Child 4308, Chrome_ChildThread] WARNING: pipe error: 109: file z1521810267068	addons.productaddons	WARN	Failed downloading via XHR, status: 0, reason: error
*** UTM:SVC TimerManager:registerTimer called after profile-before-change notification. Ignoring timer registration for id: telemetry_modules_ping

###!!! [Child][MessageChannel::SendAndWait] Error: Channel error: cannot send/recv

